[0.386s] Invoking command in '/home/ahmet/ros2_plane_workspace/src/uav_swarm_pkg': PYTHONPATH=/home/ahmet/ros2_plane_workspace/build/uav_swarm_pkg/prefix_override:/usr/lib/python3/dist-packages/colcon_core/task/python/colcon_distutils_commands:/home/ahmet/ros2_plane_workspace/install/uav_swarm_pkg/lib/python3.10/site-packages:${PYTHONPATH} /usr/bin/python3 -W ignore:setup.py install is deprecated -W ignore:easy_install command is deprecated setup.py egg_info --egg-base ../../build/uav_swarm_pkg build --build-base /home/ahmet/ros2_plane_workspace/build/uav_swarm_pkg/build install --record /home/ahmet/ros2_plane_workspace/build/uav_swarm_pkg/install.log --single-version-externally-managed install_data
[0.533s] running egg_info
[0.534s] writing ../../build/uav_swarm_pkg/uav_swarm_pkg.egg-info/PKG-INFO
[0.534s] writing dependency_links to ../../build/uav_swarm_pkg/uav_swarm_pkg.egg-info/dependency_links.txt
[0.534s] writing entry points to ../../build/uav_swarm_pkg/uav_swarm_pkg.egg-info/entry_points.txt
[0.534s] writing requirements to ../../build/uav_swarm_pkg/uav_swarm_pkg.egg-info/requires.txt
[0.534s] writing top-level names to ../../build/uav_swarm_pkg/uav_swarm_pkg.egg-info/top_level.txt
[0.535s] reading manifest file '../../build/uav_swarm_pkg/uav_swarm_pkg.egg-info/SOURCES.txt'
[0.536s] writing manifest file '../../build/uav_swarm_pkg/uav_swarm_pkg.egg-info/SOURCES.txt'
[0.536s] running build
[0.536s] running build_py
[0.536s] copying uav_swarm_pkg/fixed_wing_control.py -> /home/ahmet/ros2_plane_workspace/build/uav_swarm_pkg/build/lib/uav_swarm_pkg
[0.536s] running install
[0.536s] running install_lib
[0.537s] copying /home/ahmet/ros2_plane_workspace/build/uav_swarm_pkg/build/lib/uav_swarm_pkg/fixed_wing_control.py -> /home/ahmet/ros2_plane_workspace/install/uav_swarm_pkg/lib/python3.10/site-packages/uav_swarm_pkg
[0.538s] byte-compiling /home/ahmet/ros2_plane_workspace/install/uav_swarm_pkg/lib/python3.10/site-packages/uav_swarm_pkg/fixed_wing_control.py to fixed_wing_control.cpython-310.pyc
[0.538s] running install_data
[0.538s] running install_egg_info
[0.539s] removing '/home/ahmet/ros2_plane_workspace/install/uav_swarm_pkg/lib/python3.10/site-packages/uav_swarm_pkg-0.0.0-py3.10.egg-info' (and everything under it)
[0.539s] Copying ../../build/uav_swarm_pkg/uav_swarm_pkg.egg-info to /home/ahmet/ros2_plane_workspace/install/uav_swarm_pkg/lib/python3.10/site-packages/uav_swarm_pkg-0.0.0-py3.10.egg-info
[0.540s] running install_scripts
[0.552s] Installing fixed_wing_control script to /home/ahmet/ros2_plane_workspace/install/uav_swarm_pkg/lib/uav_swarm_pkg
[0.552s] Installing v_formation_swarm_controller script to /home/ahmet/ros2_plane_workspace/install/uav_swarm_pkg/lib/uav_swarm_pkg
[0.552s] writing list of installed files to '/home/ahmet/ros2_plane_workspace/build/uav_swarm_pkg/install.log'
[0.565s] Invoked command in '/home/ahmet/ros2_plane_workspace/src/uav_swarm_pkg' returned '0': PYTHONPATH=/home/ahmet/ros2_plane_workspace/build/uav_swarm_pkg/prefix_override:/usr/lib/python3/dist-packages/colcon_core/task/python/colcon_distutils_commands:/home/ahmet/ros2_plane_workspace/install/uav_swarm_pkg/lib/python3.10/site-packages:${PYTHONPATH} /usr/bin/python3 -W ignore:setup.py install is deprecated -W ignore:easy_install command is deprecated setup.py egg_info --egg-base ../../build/uav_swarm_pkg build --build-base /home/ahmet/ros2_plane_workspace/build/uav_swarm_pkg/build install --record /home/ahmet/ros2_plane_workspace/build/uav_swarm_pkg/install.log --single-version-externally-managed install_data
