/home/ahmet/ros2_plane_workspace/install/uav_swarm_pkg/lib/python3.10/site-packages/uav_swarm_pkg/tamacidonus_acro_mode.py
/home/ahmet/ros2_plane_workspace/install/uav_swarm_pkg/lib/python3.10/site-packages/uav_swarm_pkg/__init__.py
/home/ahmet/ros2_plane_workspace/install/uav_swarm_pkg/lib/python3.10/site-packages/uav_swarm_pkg/suru_iha.py
/home/ahmet/ros2_plane_workspace/install/uav_swarm_pkg/lib/python3.10/site-packages/uav_swarm_pkg/flight_with_path_planing.py
/home/ahmet/ros2_plane_workspace/install/uav_swarm_pkg/lib/python3.10/site-packages/uav_swarm_pkg/fixed_wing_control.py
/home/ahmet/ros2_plane_workspace/install/uav_swarm_pkg/lib/python3.10/site-packages/uav_swarm_pkg/__pycache__/tamacidonus_acro_mode.cpython-310.pyc
/home/ahmet/ros2_plane_workspace/install/uav_swarm_pkg/lib/python3.10/site-packages/uav_swarm_pkg/__pycache__/__init__.cpython-310.pyc
/home/ahmet/ros2_plane_workspace/install/uav_swarm_pkg/lib/python3.10/site-packages/uav_swarm_pkg/__pycache__/suru_iha.cpython-310.pyc
/home/ahmet/ros2_plane_workspace/install/uav_swarm_pkg/lib/python3.10/site-packages/uav_swarm_pkg/__pycache__/flight_with_path_planing.cpython-310.pyc
/home/ahmet/ros2_plane_workspace/install/uav_swarm_pkg/lib/python3.10/site-packages/uav_swarm_pkg/__pycache__/fixed_wing_control.cpython-310.pyc
/home/ahmet/ros2_plane_workspace/install/uav_swarm_pkg/share/ament_index/resource_index/packages/uav_swarm_pkg
/home/ahmet/ros2_plane_workspace/install/uav_swarm_pkg/share/uav_swarm_pkg/package.xml
/home/ahmet/ros2_plane_workspace/install/uav_swarm_pkg/share/uav_swarm_pkg/launch/swarm_launch.py
/home/ahmet/ros2_plane_workspace/install/uav_swarm_pkg/lib/python3.10/site-packages/uav_swarm_pkg-0.0.0-py3.10.egg-info/PKG-INFO
/home/ahmet/ros2_plane_workspace/install/uav_swarm_pkg/lib/python3.10/site-packages/uav_swarm_pkg-0.0.0-py3.10.egg-info/requires.txt
/home/ahmet/ros2_plane_workspace/install/uav_swarm_pkg/lib/python3.10/site-packages/uav_swarm_pkg-0.0.0-py3.10.egg-info/entry_points.txt
/home/ahmet/ros2_plane_workspace/install/uav_swarm_pkg/lib/python3.10/site-packages/uav_swarm_pkg-0.0.0-py3.10.egg-info/SOURCES.txt
/home/ahmet/ros2_plane_workspace/install/uav_swarm_pkg/lib/python3.10/site-packages/uav_swarm_pkg-0.0.0-py3.10.egg-info/top_level.txt
/home/ahmet/ros2_plane_workspace/install/uav_swarm_pkg/lib/python3.10/site-packages/uav_swarm_pkg-0.0.0-py3.10.egg-info/zip-safe
/home/ahmet/ros2_plane_workspace/install/uav_swarm_pkg/lib/python3.10/site-packages/uav_swarm_pkg-0.0.0-py3.10.egg-info/dependency_links.txt
/home/ahmet/ros2_plane_workspace/install/uav_swarm_pkg/lib/uav_swarm_pkg/fixed_wing_control
/home/ahmet/ros2_plane_workspace/install/uav_swarm_pkg/lib/uav_swarm_pkg/suru_kontrol
