[0.917s] Invoking command in '/home/ahmet/ros2_plane_workspace/src/uav_swarm_pkg': PYTHONPATH=/home/ahmet/ros2_plane_workspace/build/uav_swarm_pkg/prefix_override:/usr/lib/python3/dist-packages/colcon_core/task/python/colcon_distutils_commands:/home/ahmet/ros2_plane_workspace/install/uav_swarm_pkg/lib/python3.10/site-packages:${PYTHONPATH} /usr/bin/python3 -W ignore:setup.py install is deprecated -W ignore:easy_install command is deprecated setup.py egg_info --egg-base ../../build/uav_swarm_pkg build --build-base /home/ahmet/ros2_plane_workspace/build/uav_swarm_pkg/build install --record /home/ahmet/ros2_plane_workspace/build/uav_swarm_pkg/install.log --single-version-externally-managed install_data
[1.169s] running egg_info
[1.169s] writing ../../build/uav_swarm_pkg/uav_swarm_pkg.egg-info/PKG-INFO
[1.169s] writing dependency_links to ../../build/uav_swarm_pkg/uav_swarm_pkg.egg-info/dependency_links.txt
[1.170s] writing entry points to ../../build/uav_swarm_pkg/uav_swarm_pkg.egg-info/entry_points.txt
[1.170s] writing requirements to ../../build/uav_swarm_pkg/uav_swarm_pkg.egg-info/requires.txt
[1.170s] writing top-level names to ../../build/uav_swarm_pkg/uav_swarm_pkg.egg-info/top_level.txt
[1.172s] reading manifest file '../../build/uav_swarm_pkg/uav_swarm_pkg.egg-info/SOURCES.txt'
[1.173s] writing manifest file '../../build/uav_swarm_pkg/uav_swarm_pkg.egg-info/SOURCES.txt'
[1.173s] running build
[1.173s] running build_py
[1.173s] running install
[1.173s] running install_lib
[1.176s] running install_data
[1.176s] running install_egg_info
[1.178s] removing '/home/ahmet/ros2_plane_workspace/install/uav_swarm_pkg/lib/python3.10/site-packages/uav_swarm_pkg-0.0.0-py3.10.egg-info' (and everything under it)
[1.178s] Copying ../../build/uav_swarm_pkg/uav_swarm_pkg.egg-info to /home/ahmet/ros2_plane_workspace/install/uav_swarm_pkg/lib/python3.10/site-packages/uav_swarm_pkg-0.0.0-py3.10.egg-info
[1.179s] running install_scripts
[1.201s] Installing v_formation_swarm_controller script to /home/ahmet/ros2_plane_workspace/install/uav_swarm_pkg/lib/uav_swarm_pkg
[1.201s] writing list of installed files to '/home/ahmet/ros2_plane_workspace/build/uav_swarm_pkg/install.log'
[1.245s] Invoked command in '/home/ahmet/ros2_plane_workspace/src/uav_swarm_pkg' returned '0': PYTHONPATH=/home/ahmet/ros2_plane_workspace/build/uav_swarm_pkg/prefix_override:/usr/lib/python3/dist-packages/colcon_core/task/python/colcon_distutils_commands:/home/ahmet/ros2_plane_workspace/install/uav_swarm_pkg/lib/python3.10/site-packages:${PYTHONPATH} /usr/bin/python3 -W ignore:setup.py install is deprecated -W ignore:easy_install command is deprecated setup.py egg_info --egg-base ../../build/uav_swarm_pkg build --build-base /home/ahmet/ros2_plane_workspace/build/uav_swarm_pkg/build install --record /home/ahmet/ros2_plane_workspace/build/uav_swarm_pkg/install.log --single-version-externally-managed install_data
