running egg_info
writing ../../build/uav_swarm_pkg/uav_swarm_pkg.egg-info/PKG-INFO
writing dependency_links to ../../build/uav_swarm_pkg/uav_swarm_pkg.egg-info/dependency_links.txt
writing entry points to ../../build/uav_swarm_pkg/uav_swarm_pkg.egg-info/entry_points.txt
writing requirements to ../../build/uav_swarm_pkg/uav_swarm_pkg.egg-info/requires.txt
writing top-level names to ../../build/uav_swarm_pkg/uav_swarm_pkg.egg-info/top_level.txt
reading manifest file '../../build/uav_swarm_pkg/uav_swarm_pkg.egg-info/SOURCES.txt'
writing manifest file '../../build/uav_swarm_pkg/uav_swarm_pkg.egg-info/SOURCES.txt'
running build
running build_py
copying uav_swarm_pkg/fixed_wing_control.py -> /home/ahmet/ros2_plane_workspace/build/uav_swarm_pkg/build/lib/uav_swarm_pkg
running install
running install_lib
copying /home/ahmet/ros2_plane_workspace/build/uav_swarm_pkg/build/lib/uav_swarm_pkg/fixed_wing_control.py -> /home/ahmet/ros2_plane_workspace/install/uav_swarm_pkg/lib/python3.10/site-packages/uav_swarm_pkg
byte-compiling /home/ahmet/ros2_plane_workspace/install/uav_swarm_pkg/lib/python3.10/site-packages/uav_swarm_pkg/fixed_wing_control.py to fixed_wing_control.cpython-310.pyc
running install_data
running install_egg_info
removing '/home/ahmet/ros2_plane_workspace/install/uav_swarm_pkg/lib/python3.10/site-packages/uav_swarm_pkg-0.0.0-py3.10.egg-info' (and everything under it)
Copying ../../build/uav_swarm_pkg/uav_swarm_pkg.egg-info to /home/ahmet/ros2_plane_workspace/install/uav_swarm_pkg/lib/python3.10/site-packages/uav_swarm_pkg-0.0.0-py3.10.egg-info
running install_scripts
Installing fixed_wing_control script to /home/ahmet/ros2_plane_workspace/install/uav_swarm_pkg/lib/uav_swarm_pkg
Installing suru_kontrol script to /home/ahmet/ros2_plane_workspace/install/uav_swarm_pkg/lib/uav_swarm_pkg
writing list of installed files to '/home/ahmet/ros2_plane_workspace/build/uav_swarm_pkg/install.log'
