running egg_info
creating ../../build/uav_swarm_pkg/uav_swarm_pkg.egg-info
writing ../../build/uav_swarm_pkg/uav_swarm_pkg.egg-info/PKG-INFO
writing dependency_links to ../../build/uav_swarm_pkg/uav_swarm_pkg.egg-info/dependency_links.txt
writing entry points to ../../build/uav_swarm_pkg/uav_swarm_pkg.egg-info/entry_points.txt
writing requirements to ../../build/uav_swarm_pkg/uav_swarm_pkg.egg-info/requires.txt
writing top-level names to ../../build/uav_swarm_pkg/uav_swarm_pkg.egg-info/top_level.txt
writing manifest file '../../build/uav_swarm_pkg/uav_swarm_pkg.egg-info/SOURCES.txt'
reading manifest file '../../build/uav_swarm_pkg/uav_swarm_pkg.egg-info/SOURCES.txt'
writing manifest file '../../build/uav_swarm_pkg/uav_swarm_pkg.egg-info/SOURCES.txt'
running build
running build_py
creating /home/ahmet/ros2_plane_workspace/build/uav_swarm_pkg/build
creating /home/ahmet/ros2_plane_workspace/build/uav_swarm_pkg/build/lib
creating /home/ahmet/ros2_plane_workspace/build/uav_swarm_pkg/build/lib/uav_swarm_pkg
copying uav_swarm_pkg/__init__.py -> /home/ahmet/ros2_plane_workspace/build/uav_swarm_pkg/build/lib/uav_swarm_pkg
copying uav_swarm_pkg/v_format_swarm.py -> /home/ahmet/ros2_plane_workspace/build/uav_swarm_pkg/build/lib/uav_swarm_pkg
copying uav_swarm_pkg/flight_with_path_planing.py -> /home/ahmet/ros2_plane_workspace/build/uav_swarm_pkg/build/lib/uav_swarm_pkg
copying uav_swarm_pkg/fixed_wing_control.py -> /home/ahmet/ros2_plane_workspace/build/uav_swarm_pkg/build/lib/uav_swarm_pkg
running install
running install_lib
creating /home/ahmet/ros2_plane_workspace/install/uav_swarm_pkg/lib/python3.10/site-packages/uav_swarm_pkg
copying /home/ahmet/ros2_plane_workspace/build/uav_swarm_pkg/build/lib/uav_swarm_pkg/__init__.py -> /home/ahmet/ros2_plane_workspace/install/uav_swarm_pkg/lib/python3.10/site-packages/uav_swarm_pkg
copying /home/ahmet/ros2_plane_workspace/build/uav_swarm_pkg/build/lib/uav_swarm_pkg/v_format_swarm.py -> /home/ahmet/ros2_plane_workspace/install/uav_swarm_pkg/lib/python3.10/site-packages/uav_swarm_pkg
copying /home/ahmet/ros2_plane_workspace/build/uav_swarm_pkg/build/lib/uav_swarm_pkg/flight_with_path_planing.py -> /home/ahmet/ros2_plane_workspace/install/uav_swarm_pkg/lib/python3.10/site-packages/uav_swarm_pkg
copying /home/ahmet/ros2_plane_workspace/build/uav_swarm_pkg/build/lib/uav_swarm_pkg/fixed_wing_control.py -> /home/ahmet/ros2_plane_workspace/install/uav_swarm_pkg/lib/python3.10/site-packages/uav_swarm_pkg
byte-compiling /home/ahmet/ros2_plane_workspace/install/uav_swarm_pkg/lib/python3.10/site-packages/uav_swarm_pkg/__init__.py to __init__.cpython-310.pyc
byte-compiling /home/ahmet/ros2_plane_workspace/install/uav_swarm_pkg/lib/python3.10/site-packages/uav_swarm_pkg/v_format_swarm.py to v_format_swarm.cpython-310.pyc
byte-compiling /home/ahmet/ros2_plane_workspace/install/uav_swarm_pkg/lib/python3.10/site-packages/uav_swarm_pkg/flight_with_path_planing.py to flight_with_path_planing.cpython-310.pyc
byte-compiling /home/ahmet/ros2_plane_workspace/install/uav_swarm_pkg/lib/python3.10/site-packages/uav_swarm_pkg/fixed_wing_control.py to fixed_wing_control.cpython-310.pyc
running install_data
creating /home/ahmet/ros2_plane_workspace/install/uav_swarm_pkg/share/ament_index
creating /home/ahmet/ros2_plane_workspace/install/uav_swarm_pkg/share/ament_index/resource_index
creating /home/ahmet/ros2_plane_workspace/install/uav_swarm_pkg/share/ament_index/resource_index/packages
copying resource/uav_swarm_pkg -> /home/ahmet/ros2_plane_workspace/install/uav_swarm_pkg/share/ament_index/resource_index/packages
copying package.xml -> /home/ahmet/ros2_plane_workspace/install/uav_swarm_pkg/share/uav_swarm_pkg
running install_egg_info
Copying ../../build/uav_swarm_pkg/uav_swarm_pkg.egg-info to /home/ahmet/ros2_plane_workspace/install/uav_swarm_pkg/lib/python3.10/site-packages/uav_swarm_pkg-0.0.0-py3.10.egg-info
running install_scripts
Installing v_formation_swarm_controller script to /home/ahmet/ros2_plane_workspace/install/uav_swarm_pkg/lib/uav_swarm_pkg
writing list of installed files to '/home/ahmet/ros2_plane_workspace/build/uav_swarm_pkg/install.log'
